<?xml version="1.0" encoding="UTF-8"?>
<testsuite name="org.srcdeps.gradle.plugin.quickstarts.git.revision.GreetingAppTest" tests="1" skipped="0" failures="0" errors="0" timestamp="2017-10-18T15:06:52" hostname="slama.local" time="0.001">
  <properties/>
  <testcase name="test" classname="org.srcdeps.gradle.plugin.quickstarts.git.revision.GreetingAppTest" time="0.001"/>
  <system-out><![CDATA[]]></system-out>
  <system-err><![CDATA[]]></system-err>
</testsuite>
